Program started.
User logged in: ali
User selected product: shekar
Profit: 0
Inventory: 0
Program started.
User logged in: 2
User selected product: roghan
Profit: 0
Inventory: 0
Program started.
User logged in: 123
User selected product: makaroni
Profit: 0
Inventory: 0
========== Program Started at 2024-11-28 19:03:47 ==========
[INFO] [2024-11-28 19:03:47] Reading product list...
[INFO] [2024-11-28 19:03:47] Starting mapper processes...
[INFO] [2024-11-28 19:03:47] Collecting results from mappers...
[INFO] [2024-11-28 19:03:47] Reducing results...
[INFO] [2024-11-28 19:03:47] Prompting user for product selection...
[INFO] [2024-11-28 19:03:49] User selected product: shekar
[INFO] [2024-11-28 19:03:49] Displayed result for shekar
========== Program Ended at 2024-11-28 19:03:49 ==========
========== Program Started at 2024-11-28 19:03:54 ==========
[INFO] [2024-11-28 19:03:54] Reading product list...
[INFO] [2024-11-28 19:03:54] Starting mapper processes...
[INFO] [2024-11-28 19:03:54] Collecting results from mappers...
[INFO] [2024-11-28 19:03:54] Reducing results...
[INFO] [2024-11-28 19:03:54] Prompting user for product selection...
[ERROR] [2024-11-28 19:05:07] Invalid product choice
========== Program Ended at 2024-11-28 19:05:07 ==========
========== Program Started at 2024-11-28 19:06:34 ==========
[INFO] [2024-11-28 19:06:34] Reading product list...
[INFO] [2024-11-28 19:06:34] Starting mapper processes...
[INFO] [2024-11-28 19:06:34] Collecting results from mappers...
[INFO] [2024-11-28 19:06:35] Reducing results...
[INFO] [2024-11-28 19:06:35] Prompting user for product selection...
[INFO] [2024-11-28 19:06:36] User selected product: roghan
[INFO] [2024-11-28 19:06:36] Displayed result for roghan
========== Program Ended at 2024-11-28 19:06:36 ==========
========== Program Started at 2024-11-28 19:08:39 ==========
[INFO] [2024-11-28 19:08:39] Reading product list...
[INFO] [2024-11-28 19:08:39] Discovering warehouse files...
[INFO] [2024-11-28 19:08:39] Starting mapper processes...
========== Program Started at 2024-11-28 19:08:39 ==========
[INFO] [2024-11-28 19:08:39] Reading product list...
[INFO] [2024-11-28 19:08:39] Discovering warehouse files...
[INFO] [2024-11-28 19:08:39] Starting mapper processes...
========== Program Started at 2024-11-28 19:08:39 ==========
[INFO] [2024-11-28 19:08:39] Reading product list...
[INFO] [2024-11-28 19:08:39] Discovering warehouse files...
[INFO] [2024-11-28 19:08:39] Starting mapper processes...
========== Program Started at 2024-11-28 19:08:39 ==========
[INFO] [2024-11-28 19:08:39] Reading product list...
[INFO] [2024-11-28 19:08:39] Discovering warehouse files...
[INFO] [2024-11-28 19:08:39] Starting mapper processes...
========== Program Started at 2024-11-28 19:08:39 ==========
[INFO] [2024-11-28 19:08:39] Reading product list...
[INFO] [2024-11-28 19:08:39] Discovering warehouse files...
[INFO] [2024-11-28 19:08:39] Starting mapper processes...
[INFO] [2024-11-28 19:08:39] Collecting results from mappers...
[INFO] [2024-11-28 19:08:39] Reducing results...
[INFO] [2024-11-28 19:08:39] Prompting user for product selection...
[INFO] [2024-11-28 19:08:40] User selected product: makaroni
[INFO] [2024-11-28 19:08:40] Displayed result for makaroni
========== Program Ended at 2024-11-28 19:08:40 ==========
